=== Starting EndOS Build Process ===
--> Cleaning up previous build artifacts...
--> Cloning dots-hyprland...
Cloning into 'dots-hyprland'...
--> Extracting packages and requirements from dots-hyprland...
--> Rebuilding iso/packages.x86_64...
    Package list updated.
--> Updating requirements.txt...
--> Distributing dotfiles (incremental)...
--> Baking dotfile configs into ISO...
    Copying .config files...
    Copying .local files...
    Creating firstrun marker...
--> Managing local repository...
    Syncing host repository configurations...
    Verifying local package integrity...
    Updating local package cache...
    Setting local_repo path to: /home/kaleb/EndOS-git/local_repo
    Verified pacman.conf local_repo path: /home/kaleb/EndOS-git/local_repo
    Syncing with system repositories...
:: Synchronizing package databases...
 core downloading...
 extra downloading...
 multilib downloading...
    Downloading official packages...
:: Synchronizing package databases...
 core downloading...
 extra downloading...
 multilib downloading...
    ========================================
    Detected AUR packages (17 total):
      - adw-gtk-theme-git
      - antigravity
      - breeze-plus
      - darkly-bin
      - google-breakpad
      - lib32-python311-bin
      - matugen-bin
      - millennium
      - otf-space-grotesk
      - spicetify-cli
      - spotify
      - ttf-readex-pro
      - ttf-rubik-vf
      - ttf-twemoji-color
      - vesktop-bin
      - wlogout
      - zen-browser-bin
    ========================================
    Attempting to build...
warning: base-devel-1-2 is up to date -- skipping
warning: fontforge-20251009-5 is up to date -- skipping
warning: python-fonttools-4.61.1-2 is up to date -- skipping
 there is nothing to do
    Starting sudo keepalive for long builds...
    Using build user: kaleb
      - adw-gtk-theme-git already built. Skipping.
      - antigravity already built. Skipping.
      - breeze-plus already built. Skipping.
      - darkly-bin already built. Skipping.
      - google-breakpad already built. Skipping.
      - lib32-python311-bin already built. Skipping.
      - matugen-bin already built. Skipping.
      - millennium already built. Skipping.
      - otf-space-grotesk already built. Skipping.
      - spicetify-cli already built. Skipping.
      - spotify already built. Skipping.
      - ttf-readex-pro already built. Skipping.
      - ttf-rubik-vf already built. Skipping.
      - ttf-twemoji-color already built. Skipping.
      - vesktop-bin already built. Skipping.
      - wlogout already built. Skipping.
      - zen-browser-bin already built. Skipping.
    Syncing local packages to ISO...
    Copying packages to ISO repository...
    Cleaning old package database...
    Generating package database...
==> Adding package 'iso/airootfs/var/local_repo/x86_64/38c3-style-assets-2-2-any.pkg.tar.zst'
  -> Computing checksums...
  -> Creating 'desc' db entry...
  -> Creating 'files' db entry...
  -> Removing old package file ''
==> Adding package 'iso/airootfs/var/local_repo/x86_64/38c3-styleguide-2-2-any.pkg.tar.zst'
  -> Computing checksums...
  -> Creating 'desc' db entry...
  -> Creating 'files' db entry...
  -> Removing old package file ''
==> Adding package 'iso/airootfs/var/local_repo/x86_64/38c3-styles-commoninfo-2-2-any.pkg.tar.zst'
  -> Computing checksums...
  -> Creating 'desc' db entry...
  -> Creating 'files' db entry...
  -> Removing old package file ''
==> Adding package 'iso/airootfs/var/local_repo/x86_64/adw-gtk-theme-git-6.4.r2.gbe28895-1-any.pkg.tar.zst'
  -> Computing checksums...
  -> Creating 'desc' db entry...
  -> Creating 'files' db entry...
  -> Removing old package file ''
==> Adding package 'iso/airootfs/var/local_repo/x86_64/antigravity-1.14.2-2-x86_64.pkg.tar.zst'
  -> Computing checksums...
  -> Creating 'desc' db entry...
  -> Creating 'files' db entry...
  -> Removing old package file ''
==> Adding package 'iso/airootfs/var/local_repo/x86_64/breeze-plus-6.2.5-1-any.pkg.tar.zst'
  -> Computing checksums...
  -> Creating 'desc' db entry...
  -> Creating 'files' db entry...
  -> Removing old package file ''
==> Adding package 'iso/airootfs/var/local_repo/x86_64/darkly-bin-0.5.31-1-x86_64.pkg.tar.zst'
  -> Computing checksums...
  -> Creating 'desc' db entry...
  -> Creating 'files' db entry...
  -> Removing old package file ''
==> Adding package 'iso/airootfs/var/local_repo/x86_64/google-breakpad-v2024.02.16-2-x86_64.pkg.tar.zst'
  -> Computing checksums...
  -> Creating 'desc' db entry...
  -> Creating 'files' db entry...
  -> Removing old package file ''
==> Adding package 'iso/airootfs/var/local_repo/x86_64/lib32-python311-bin-3.11.8-6-x86_64.pkg.tar.zst'
  -> Computing checksums...
  -> Creating 'desc' db entry...
  -> Creating 'files' db entry...
  -> Removing old package file ''
==> Adding package 'iso/airootfs/var/local_repo/x86_64/matugen-bin-3.1.0-1-x86_64.pkg.tar.zst'
  -> Computing checksums...
  -> Creating 'desc' db entry...
  -> Creating 'files' db entry...
  -> Removing old package file ''
==> Adding package 'iso/airootfs/var/local_repo/x86_64/matugen-bin-debug-3.1.0-1-x86_64.pkg.tar.zst'
  -> Computing checksums...
  -> Creating 'desc' db entry...
  -> Creating 'files' db entry...
  -> Removing old package file ''
==> Adding package 'iso/airootfs/var/local_repo/x86_64/millennium-2.34.0-5-x86_64.pkg.tar.zst'
  -> Computing checksums...
  -> Creating 'desc' db entry...
  -> Creating 'files' db entry...
  -> Removing old package file ''
==> Adding package 'iso/airootfs/var/local_repo/x86_64/otf-pilowlava-2-2-any.pkg.tar.zst'
  -> Computing checksums...
  -> Creating 'desc' db entry...
  -> Creating 'files' db entry...
  -> Removing old package file ''
==> Adding package 'iso/airootfs/var/local_repo/x86_64/otf-space-grotesk-2-2-any.pkg.tar.zst'
  -> Computing checksums...
  -> Creating 'desc' db entry...
  -> Creating 'files' db entry...
  -> Removing old package file ''
==> Adding package 'iso/airootfs/var/local_repo/x86_64/otf-uncut-sans-2-2-any.pkg.tar.zst'
  -> Computing checksums...
  -> Creating 'desc' db entry...
  -> Creating 'files' db entry...
  -> Removing old package file ''
==> Adding package 'iso/airootfs/var/local_repo/x86_64/pilowlava-font-common-2-2-any.pkg.tar.zst'
  -> Computing checksums...
  -> Creating 'desc' db entry...
  -> Creating 'files' db entry...
  -> Removing old package file ''
==> Adding package 'iso/airootfs/var/local_repo/x86_64/spicetify-cli-2.42.7-1-x86_64.pkg.tar.zst'
  -> Computing checksums...
  -> Creating 'desc' db entry...
  -> Creating 'files' db entry...
  -> Removing old package file ''
==> Adding package 'iso/airootfs/var/local_repo/x86_64/spicetify-cli-debug-2.42.7-1-x86_64.pkg.tar.zst'
  -> Computing checksums...
  -> Creating 'desc' db entry...
  -> Creating 'files' db entry...
  -> Removing old package file ''
==> Adding package 'iso/airootfs/var/local_repo/x86_64/spotify-1:1.2.79.427-1-x86_64.pkg.tar.zst'
  -> Computing checksums...
  -> Creating 'desc' db entry...
  -> Creating 'files' db entry...
  -> Removing old package file ''
==> Adding package 'iso/airootfs/var/local_repo/x86_64/ttf-readex-pro-1.204-2-any.pkg.tar.zst'
  -> Computing checksums...
  -> Creating 'desc' db entry...
  -> Creating 'files' db entry...
  -> Removing old package file ''
==> Adding package 'iso/airootfs/var/local_repo/x86_64/ttf-readex-pro-variable-1.204-2-any.pkg.tar.zst'
  -> Computing checksums...
  -> Creating 'desc' db entry...
  -> Creating 'files' db entry...
  -> Removing old package file ''
==> Adding package 'iso/airootfs/var/local_repo/x86_64/ttf-rubik-vf-2.3.0-3-any.pkg.tar.zst'
  -> Computing checksums...
  -> Creating 'desc' db entry...
  -> Creating 'files' db entry...
  -> Removing old package file ''
==> Adding package 'iso/airootfs/var/local_repo/x86_64/ttf-space-mono-2-2-any.pkg.tar.zst'
  -> Computing checksums...
  -> Creating 'desc' db entry...
  -> Creating 'files' db entry...
  -> Removing old package file ''
==> Adding package 'iso/airootfs/var/local_repo/x86_64/ttf-twemoji-color-15.1.0-1-any.pkg.tar.zst'
  -> Computing checksums...
  -> Creating 'desc' db entry...
  -> Creating 'files' db entry...
  -> Removing old package file ''
==> Adding package 'iso/airootfs/var/local_repo/x86_64/ttf-uncut-sans-2-2-any.pkg.tar.zst'
  -> Computing checksums...
  -> Creating 'desc' db entry...
  -> Creating 'files' db entry...
  -> Removing old package file ''
==> Adding package 'iso/airootfs/var/local_repo/x86_64/vesktop-bin-1.6.3-1-x86_64.pkg.tar.zst'
  -> Computing checksums...
  -> Creating 'desc' db entry...
  -> Creating 'files' db entry...
  -> Removing old package file ''
==> Adding package 'iso/airootfs/var/local_repo/x86_64/wlogout-1.2.2-0-x86_64.pkg.tar.zst'
  -> Computing checksums...
  -> Creating 'desc' db entry...
  -> Creating 'files' db entry...
  -> Removing old package file ''
==> Adding package 'iso/airootfs/var/local_repo/x86_64/wlogout-debug-1.2.2-0-x86_64.pkg.tar.zst'
  -> Computing checksums...
  -> Creating 'desc' db entry...
  -> Creating 'files' db entry...
  -> Removing old package file ''
==> Adding package 'iso/airootfs/var/local_repo/x86_64/woff2-pilowlava-2-2-any.pkg.tar.zst'
  -> Computing checksums...
  -> Creating 'desc' db entry...
  -> Creating 'files' db entry...
  -> Removing old package file ''
==> Adding package 'iso/airootfs/var/local_repo/x86_64/woff2-space-grotesk-2-2-any.pkg.tar.zst'
  -> Computing checksums...
  -> Creating 'desc' db entry...
  -> Creating 'files' db entry...
  -> Removing old package file ''
==> Adding package 'iso/airootfs/var/local_repo/x86_64/woff2-uncut-sans-2-2-any.pkg.tar.zst'
  -> Computing checksums...
  -> Creating 'desc' db entry...
  -> Creating 'files' db entry...
  -> Removing old package file ''
==> Adding package 'iso/airootfs/var/local_repo/x86_64/woff-pilowlava-2-2-any.pkg.tar.zst'
  -> Computing checksums...
  -> Creating 'desc' db entry...
  -> Creating 'files' db entry...
  -> Removing old package file ''
==> Adding package 'iso/airootfs/var/local_repo/x86_64/woff-space-grotesk-2-2-any.pkg.tar.zst'
  -> Computing checksums...
  -> Creating 'desc' db entry...
  -> Creating 'files' db entry...
  -> Removing old package file ''
==> Adding package 'iso/airootfs/var/local_repo/x86_64/woff-uncut-sans-2-2-any.pkg.tar.zst'
  -> Computing checksums...
  -> Creating 'desc' db entry...
  -> Creating 'files' db entry...
  -> Removing old package file ''
==> Adding package 'iso/airootfs/var/local_repo/x86_64/zen-browser-bin-1.17.15b-1-x86_64.pkg.tar.zst'
  -> Computing checksums...
  -> Creating 'desc' db entry...
  -> Creating 'files' db entry...
  -> Removing old package file ''
==> Creating updated database file 'iso/airootfs/var/local_repo/x86_64/local_repo.db.tar.gz'
    ✓ 35 packages synced with database
--> Caching Python wheels...
    Installing build dependencies...
warning: base-devel-1-2 is up to date -- skipping
warning: meson-1.10.1-1 is up to date -- skipping
warning: ninja-1.13.2-2 is up to date -- skipping
warning: patchelf-0.18.0-4 is up to date -- skipping
warning: python-build-1.4.0-1 is up to date -- skipping
warning: cairo-1.18.4-1 is up to date -- skipping
warning: gobject-introspection-1.86.0-2 is up to date -- skipping
warning: wayland-1.24.0-1 is up to date -- skipping
warning: wayland-protocols-1.47-1 is up to date -- skipping
warning: dbus-1.16.2-1 is up to date -- skipping
warning: dbus-glib-0.114-1 is up to date -- skipping
warning: python-dbus-1.4.0-2 is up to date -- skipping
warning: libffi-3.5.2-1 is up to date -- skipping
warning: glib2-2.86.3-2 is up to date -- skipping
warning: openblas-0.3.30-1 is up to date -- skipping
warning: lapack-3.12.1-2 is up to date -- skipping
warning: uv-0.9.26-1 is up to date -- skipping
 there is nothing to do
    Counting required packages...
    Required packages: 24
    Downloading packages for Python 3.12...
./build.sh: line 426: /tmp/endos-wheel-builder-1268718/bin/pip: No such file or directory
    ERROR: Failed to download Python packages. Aborting.
